c:\users\user\desktop\study\boostexam\boostexam\debug\vc140.pdb
c:\users\user\desktop\study\boostexam\boostexam\debug\vc140.idb
c:\users\user\desktop\study\boostexam\boostexam\debug\main.obj
c:\users\user\desktop\study\boostexam\boostexam\debug\trainning.obj
c:\users\user\desktop\study\boostexam\boostexam\debug\smartptr.obj
c:\users\user\desktop\study\boostexam\boostexam\debug\smartarr.obj
c:\users\user\desktop\study\boostexam\boostexam\debug\sharedptr.obj
c:\users\user\desktop\study\boostexam\boostexam\debug\sharedarr.obj
c:\users\user\desktop\study\boostexam\boostexam\debug\weakptr.obj
c:\users\user\desktop\study\boostexam\boostexam\debug\intrusiveptr.obj
c:\users\user\desktop\study\boostexam\boostexam\debug\chrono.obj
c:\users\user\desktop\study\boostexam\boostexam\debug\timer.obj
c:\users\user\desktop\study\boostexam\boostexam\debug\function.obj
c:\users\user\desktop\study\boostexam\boostexam\debug\bind.obj
c:\users\user\desktop\study\boostexam\boostexam\debug\thread.obj
c:\users\user\desktop\study\boostexam\boostexam\debug\mutex.obj
c:\users\user\desktop\study\boostexam\boostexam\debug\dltimer.obj
c:\users\user\desktop\study\boostexam\boostexam\debug\signals2.obj
c:\users\user\desktop\study\boostexam\boostexam\debug\asio.obj
c:\users\user\desktop\study\boostexam\boostexam\debug\asio2.obj
c:\users\user\desktop\study\boostexam\boostexam\debug\lamda.obj
c:\users\user\desktop\study\boostexam\boostexam\debug\asyncs.obj
c:\users\user\desktop\study\boostexam\boostexam\debug\timertest.obj
c:\users\user\desktop\study\boostexam\debug\boostexam.ilk
c:\users\user\desktop\study\boostexam\debug\boostexam.exe
c:\users\user\desktop\study\boostexam\debug\boostexam.pdb
c:\users\user\desktop\study\boostexam\boostexam\debug\boostexam.tlog\cl.command.1.tlog
c:\users\user\desktop\study\boostexam\boostexam\debug\boostexam.tlog\cl.read.1.tlog
c:\users\user\desktop\study\boostexam\boostexam\debug\boostexam.tlog\cl.write.1.tlog
c:\users\user\desktop\study\boostexam\boostexam\debug\boostexam.tlog\link.command.1.tlog
c:\users\user\desktop\study\boostexam\boostexam\debug\boostexam.tlog\link.read.1.tlog
c:\users\user\desktop\study\boostexam\boostexam\debug\boostexam.tlog\link.write.1.tlog
